  communication.cpp
  internet.cpp
  client.cpp
H:\current\ActClient\client.cpp(18,13): warning C4473: 'scanf_s' : not enough arguments passed for format string
  H:\current\ActClient\client.cpp(18,13):
  placeholders and their parameters expect 2 variadic arguments, but 1 were provided
  H:\current\ActClient\client.cpp(18,13):
  the missing variadic argument 2 is required by format string '%s'
  H:\current\ActClient\client.cpp(18,13):
  this argument is used as a buffer size
  
  parsing.cpp
  requests.cpp
H:\current\ActClient\requests.cpp(438,39): warning C4267: '=': conversion from 'size_t' to 'DWORD', possible loss of data
H:\current\ActClient\requests.cpp(454,32): warning C4312: 'type cast': conversion from 'int' to 'PVOID' of greater size
H:\current\ActClient\requests.cpp(494,56): warning C4244: 'argument': conversion from 'ULONG64' to 'int', possible loss of data
H:\current\ActClient\requests.cpp(603,56): warning C4244: 'argument': conversion from 'ULONG64' to 'int', possible loss of data
H:\current\ActClient\requests.cpp(717,56): warning C4244: 'argument': conversion from 'ULONG64' to 'int', possible loss of data
H:\current\ActClient\requests.cpp(783,65): warning C4244: 'argument': conversion from 'ULONG64' to 'int', possible loss of data
H:\current\ActClient\requests.cpp(801,57): warning C4244: 'argument': conversion from 'ULONG64' to 'DWORD', possible loss of data
H:\current\ActClient\requests.cpp(858,65): warning C4244: 'argument': conversion from 'ULONG64' to 'int', possible loss of data
H:\current\ActClient\requests.cpp(877,62): warning C4244: 'argument': conversion from 'ULONG64' to 'DWORD', possible loss of data
  utils.cpp
  Generating Code...
  Starting pass 1
  Processed /DEFAULTLIB:msvcprtd
  Processed /DEFAULTLIB:uuid.lib
  Processed /DEFAULTLIB:Ws2_32.lib
  Processed /DEFAULTLIB:MSVCRTD
  Processed /DEFAULTLIB:OLDNAMES
  Searching libraries
      Searching C:\Program Files (x86)\Windows Kits\10\lib\10.0.22621.0\um\x64\ws2_32.lib:
        Found __imp_closesocket
          Referenced in communication.obj
          Referenced in client.obj
          Loaded ws2_32.lib(WS2_32.dll)
        Found __imp_ioctlsocket
          Referenced in internet.obj
          Loaded ws2_32.lib(WS2_32.dll)
        Found __imp_recv
          Referenced in internet.obj
          Loaded ws2_32.lib(WS2_32.dll)
        Found __imp_send
          Referenced in internet.obj
          Loaded ws2_32.lib(WS2_32.dll)
        Found __imp_WSAGetLastError
          Referenced in internet.obj
          Referenced in client.obj
          Loaded ws2_32.lib(WS2_32.dll)
        Found __imp_inet_pton
          Referenced in internet.obj
          Loaded ws2_32.lib(WS2_32.dll)
        Found __imp_connect
          Referenced in client.obj
          Loaded ws2_32.lib(WS2_32.dll)
        Found __imp_socket
          Referenced in client.obj
          Loaded ws2_32.lib(WS2_32.dll)
        Found __imp_WSAStartup
          Referenced in client.obj
          Loaded ws2_32.lib(WS2_32.dll)
        Found __imp_WSACleanup
          Referenced in client.obj
          Loaded ws2_32.lib(WS2_32.dll)
        Found inet_ntoa
          Referenced in utils.obj
          Loaded ws2_32.lib(WS2_32.dll)
        Found gethostbyname
          Referenced in utils.obj
          Loaded ws2_32.lib(WS2_32.dll)
        Found gethostname
          Referenced in utils.obj
          Loaded ws2_32.lib(WS2_32.dll)
        Found __IMPORT_DESCRIPTOR_WS2_32
          Referenced in ws2_32.lib(WS2_32.dll)
          Referenced in ws2_32.lib(WS2_32.dll)
          Referenced in ws2_32.lib(WS2_32.dll)
          Referenced in ws2_32.lib(WS2_32.dll)
          Referenced in ws2_32.lib(WS2_32.dll)
          Referenced in ws2_32.lib(WS2_32.dll)
          Referenced in ws2_32.lib(WS2_32.dll)
          Referenced in ws2_32.lib(WS2_32.dll)
          Referenced in ws2_32.lib(WS2_32.dll)
          Referenced in ws2_32.lib(WS2_32.dll)
          Referenced in ws2_32.lib(WS2_32.dll)
          Referenced in ws2_32.lib(WS2_32.dll)
          Referenced in ws2_32.lib(WS2_32.dll)
          Loaded ws2_32.lib(WS2_32.dll)
        Found __NULL_IMPORT_DESCRIPTOR
          Referenced in ws2_32.lib(WS2_32.dll)
          Loaded ws2_32.lib(WS2_32.dll)
        Found WS2_32_NULL_THUNK_DATA
          Referenced in ws2_32.lib(WS2_32.dll)
          Loaded ws2_32.lib(WS2_32.dll)
      Searching C:\Program Files\Microsoft Visual Studio\2022\Community\VC\Tools\MSVC\14.38.33130\lib\x64\msvcprtd.lib:
        Found "bool __cdecl std::uncaught_exception(void)" (?uncaught_exception@std@@YA_NXZ)
          Referenced in internet.obj
          Loaded msvcprtd.lib(MSVCP140D.dll)
        Found "__declspec(dllimport) public: bool __cdecl std::ios_base::good(void)const " (__imp_?good@ios_base@std@@QEBA_NXZ)
          Referenced in internet.obj
          Loaded msvcprtd.lib(MSVCP140D.dll)
        Found "__declspec(dllimport) public: int __cdecl std::ios_base::flags(void)const " (__imp_?flags@ios_base@std@@QEBAHXZ)
          Referenced in internet.obj
          Loaded msvcprtd.lib(MSVCP140D.dll)
        Found "__declspec(dllimport) public: __int64 __cdecl std::ios_base::width(void)const " (__imp_?width@ios_base@std@@QEBA_JXZ)
          Referenced in internet.obj
          Loaded msvcprtd.lib(MSVCP140D.dll)
        Found "__declspec(dllimport) public: __int64 __cdecl std::ios_base::width(__int64)" (__imp_?width@ios_base@std@@QEAA_J_J@Z)
          Referenced in internet.obj
          Loaded msvcprtd.lib(MSVCP140D.dll)
        Found "__declspec(dllimport) public: int __cdecl std::basic_streambuf<char,struct std::char_traits<char> >::sputc(char)" (__imp_?sputc@?$basic_streambuf@DU?$char_traits@D@std@@@std@@QEAAHD@Z)
          Referenced in internet.obj
          Loaded msvcprtd.lib(MSVCP140D.dll)
        Found "__declspec(dllimport) public: __int64 __cdecl std::basic_streambuf<char,struct std::char_traits<char> >::sputn(char const *,__int64)" (__imp_?sputn@?$basic_streambuf@DU?$char_traits@D@std@@@std@@QEAA_JPEBD_J@Z)
          Referenced in internet.obj
          Loaded msvcprtd.lib(MSVCP140D.dll)
        Found "__declspec(dllimport) public: void __cdecl std::basic_ios<char,struct std::char_traits<char> >::setstate(int,bool)" (__imp_?setstate@?$basic_ios@DU?$char_traits@D@std@@@std@@QEAAXH_N@Z)
          Referenced in internet.obj
          Referenced in utils.obj
          Loaded msvcprtd.lib(MSVCP140D.dll)
        Found "__declspec(dllimport) public: class std::basic_ostream<char,struct std::char_traits<char> > * __cdecl std::basic_ios<char,struct std::char_traits<char> >::tie(void)const " (__imp_?tie@?$basic_ios@DU?$char_traits@D@std@@@std@@QEBAPEAV?$basic_ostream@DU?$char_traits@D@std@@@2@XZ)
          Referenced in internet.obj
          Loaded msvcprtd.lib(MSVCP140D.dll)
        Found "__declspec(dllimport) public: class std::basic_streambuf<char,struct std::char_traits<char> > * __cdecl std::basic_ios<char,struct std::char_traits<char> >::rdbuf(void)const " (__imp_?rdbuf@?$basic_ios@DU?$char_traits@D@std@@@std@@QEBAPEAV?$basic_streambuf@DU?$char_traits@D@std@@@2@XZ)
          Referenced in internet.obj
          Referenced in utils.obj
          Loaded msvcprtd.lib(MSVCP140D.dll)
        Found "__declspec(dllimport) public: char __cdecl std::basic_ios<char,struct std::char_traits<char> >::fill(void)const " (__imp_?fill@?$basic_ios@DU?$char_traits@D@std@@@std@@QEBADXZ)
          Referenced in internet.obj
          Loaded msvcprtd.lib(MSVCP140D.dll)
        Found "__declspec(dllimport) public: void __cdecl std::basic_ostream<char,struct std::char_traits<char> >::_Osfx(void)" (__imp_?_Osfx@?$basic_ostream@DU?$char_traits@D@std@@@std@@QEAAXXZ)
          Referenced in internet.obj
          Loaded msvcprtd.lib(MSVCP140D.dll)
        Found "__declspec(dllimport) public: class std::basic_ostream<char,struct std::char_traits<char> > & __cdecl std::basic_ostream<char,struct std::char_traits<char> >::operator<<(int)" (__imp_??6?$basic_ostream@DU?$char_traits@D@std@@@std@@QEAAAEAV01@H@Z)
          Referenced in internet.obj
          Loaded msvcprtd.lib(MSVCP140D.dll)
        Found "__declspec(dllimport) public: class std::basic_ostream<char,struct std::char_traits<char> > & __cdecl std::basic_ostream<char,struct std::char_traits<char> >::flush(void)" (__imp_?flush@?$basic_ostream@DU?$char_traits@D@std@@@std@@QEAAAEAV12@XZ)
          Referenced in internet.obj
          Loaded msvcprtd.lib(MSVCP140D.dll)
        Found "__declspec(dllimport) class std::basic_ostream<char,struct std::char_traits<char> > std::cerr" (__imp_?cerr@std@@3V?$basic_ostream@DU?$char_traits@D@std@@@1@A)
          Referenced in internet.obj
          Loaded msvcprtd.lib(MSVCP140D.dll)
        Found "__declspec(dllimport) public: __cdecl std::_Lockit::_Lockit(int)" (__imp_??0_Lockit@std@@QEAA@H@Z)
          Referenced in requests.obj
          Loaded msvcprtd.lib(MSVCP140D.dll)
        Found "__declspec(dllimport) public: __cdecl std::_Lockit::~_Lockit(void)" (__imp_??1_Lockit@std@@QEAA@XZ)
          Referenced in requests.obj
          Loaded msvcprtd.lib(MSVCP140D.dll)
        Found "void __cdecl std::_Xlength_error(char const *)" (?_Xlength_error@std@@YAXPEBD@Z)
          Referenced in requests.obj
          Loaded msvcprtd.lib(MSVCP140D.dll)
        Found "__declspec(dllimport) public: int __cdecl std::basic_streambuf<char,struct std::char_traits<char> >::sbumpc(void)" (__imp_?sbumpc@?$basic_streambuf@DU?$char_traits@D@std@@@std@@QEAAHXZ)
          Referenced in utils.obj
          Loaded msvcprtd.lib(MSVCP140D.dll)
        Found "__declspec(dllimport) public: bool __cdecl std::basic_istream<char,struct std::char_traits<char> >::_Ipfx(bool)" (__imp_?_Ipfx@?$basic_istream@DU?$char_traits@D@std@@@std@@QEAA_N_N@Z)
          Referenced in utils.obj
          Loaded msvcprtd.lib(MSVCP140D.dll)
        Found "__declspec(dllimport) class std::basic_istream<char,struct std::char_traits<char> > std::cin" (__imp_?cin@std@@3V?$basic_istream@DU?$char_traits@D@std@@@1@A)
          Referenced in utils.obj
          Loaded msvcprtd.lib(MSVCP140D.dll)
        Found __IMPORT_DESCRIPTOR_MSVCP140D
          Referenced in msvcprtd.lib(MSVCP140D.dll)
          Referenced in msvcprtd.lib(MSVCP140D.dll)
          Referenced in msvcprtd.lib(MSVCP140D.dll)
          Referenced in msvcprtd.lib(MSVCP140D.dll)
          Referenced in msvcprtd.lib(MSVCP140D.dll)
          Referenced in msvcprtd.lib(MSVCP140D.dll)
          Referenced in msvcprtd.lib(MSVCP140D.dll)
          Referenced in msvcprtd.lib(MSVCP140D.dll)
          Referenced in msvcprtd.lib(MSVCP140D.dll)
          Referenced in msvcprtd.lib(MSVCP140D.dll)
          Referenced in msvcprtd.lib(MSVCP140D.dll)
          Referenced in msvcprtd.lib(MSVCP140D.dll)
          Referenced in msvcprtd.lib(MSVCP140D.dll)
          Referenced in msvcprtd.lib(MSVCP140D.dll)
          Referenced in msvcprtd.lib(MSVCP140D.dll)
          Referenced in msvcprtd.lib(MSVCP140D.dll)
          Referenced in msvcprtd.lib(MSVCP140D.dll)
          Referenced in msvcprtd.lib(MSVCP140D.dll)
          Referenced in msvcprtd.lib(MSVCP140D.dll)
          Referenced in msvcprtd.lib(MSVCP140D.dll)
          Referenced in msvcprtd.lib(MSVCP140D.dll)
          Loaded msvcprtd.lib(MSVCP140D.dll)
        Found MSVCP140D_NULL_THUNK_DATA
          Referenced in msvcprtd.lib(MSVCP140D.dll)
          Loaded msvcprtd.lib(MSVCP140D.dll)
      Searching C:\Program Files (x86)\Windows Kits\10\lib\10.0.22621.0\um\x64\uuid.lib:
      Searching C:\Program Files\Microsoft Visual Studio\2022\Community\VC\Tools\MSVC\14.38.33130\lib\x64\MSVCRTD.lib:
        Found _RTC_CheckStackVars
          Referenced in requests.obj
          Referenced in utils.obj
          Referenced in communication.obj
          Referenced in internet.obj
          Referenced in client.obj
          Referenced in parsing.obj
          Loaded MSVCRTD.lib(stack.obj)
        Found _RTC_InitBase
          Referenced in requests.obj
          Referenced in utils.obj
          Referenced in communication.obj
          Referenced in internet.obj
          Referenced in client.obj
          Referenced in parsing.obj
          Loaded MSVCRTD.lib(init.obj)
        Found __CheckForDebuggerJustMyCode
          Referenced in requests.obj
          Referenced in utils.obj
          Referenced in communication.obj
          Referenced in internet.obj
          Referenced in client.obj
          Referenced in parsing.obj
          Loaded MSVCRTD.lib(debugger_jmc.obj)
        Found __GSHandlerCheck
          Referenced in requests.obj
          Referenced in utils.obj
          Referenced in communication.obj
          Referenced in internet.obj
          Referenced in client.obj
          Referenced in parsing.obj
          Loaded MSVCRTD.lib(gshandler.obj)
        Found __chkstk
          Referenced in communication.obj
          Loaded MSVCRTD.lib(chkstk.obj)
        Found __security_check_cookie
          Referenced in requests.obj
          Referenced in utils.obj
          Referenced in MSVCRTD.lib(gshandler.obj)
          Referenced in communication.obj
          Referenced in internet.obj
          Referenced in client.obj
          Referenced in parsing.obj
          Loaded MSVCRTD.lib(amdsecgs.obj)
        Found __security_cookie
          Referenced in requests.obj
          Referenced in utils.obj
          Referenced in MSVCRTD.lib(amdsecgs.obj)
          Referenced in communication.obj
          Referenced in internet.obj
          Referenced in client.obj
          Referenced in parsing.obj
          Loaded MSVCRTD.lib(gs_cookie.obj)
        Found __GSHandlerCheck_EH4
          Referenced in internet.obj
          Referenced in requests.obj
          Referenced in utils.obj
          Loaded MSVCRTD.lib(gshandlereh4.obj)
        Found "void * __cdecl operator new(unsigned __int64)" (??2@YAPEAX_K@Z)
          Referenced in requests.obj
          Loaded MSVCRTD.lib(new_scalar.obj)
        Found "void __cdecl operator delete(void *,unsigned __int64)" (??3@YAXPEAX_K@Z)
          Referenced in requests.obj
          Loaded MSVCRTD.lib(delete_scalar_size.obj)
        Found "const type_info::`vftable'" (??_7type_info@@6B@)
          Referenced in requests.obj
          Loaded MSVCRTD.lib(std_type_info_static.obj)
        Found mainCRTStartup
          Loaded MSVCRTD.lib(exe_main.obj)
        Found "void __cdecl _RTC_StackFailure(void *,char const *)" (?_RTC_StackFailure@@YAXPEAXPEBD@Z)
          Referenced in MSVCRTD.lib(stack.obj)
          Loaded MSVCRTD.lib(error.obj)
        Found _RTC_SetErrorFuncW
          Referenced in MSVCRTD.lib(init.obj)
          Loaded MSVCRTD.lib(userapi.obj)
        Found __report_gsfailure
          Referenced in MSVCRTD.lib(amdsecgs.obj)
          Loaded MSVCRTD.lib(gs_report.obj)
        Found "void __cdecl __scrt_throw_std_bad_alloc(void)" (?__scrt_throw_std_bad_alloc@@YAXXZ)
          Referenced in MSVCRTD.lib(new_scalar.obj)
          Loaded MSVCRTD.lib(throw_bad_alloc.obj)
        Found "void __cdecl operator delete(void *)" (??3@YAXPEAX@Z)
          Referenced in MSVCRTD.lib(delete_scalar_size.obj)
          Loaded MSVCRTD.lib(delete_scalar.obj)
        Found atexit
          Referenced in MSVCRTD.lib(exe_main.obj)
          Loaded MSVCRTD.lib(utility.obj)
        Found __security_init_cookie
          Referenced in MSVCRTD.lib(exe_main.obj)
          Loaded MSVCRTD.lib(gs_support.obj)
        Found _matherr
          Referenced in MSVCRTD.lib(exe_main.obj)
          Loaded MSVCRTD.lib(matherr.obj)
        Found _get_startup_argv_mode
          Referenced in MSVCRTD.lib(exe_main.obj)
          Referenced in MSVCRTD.lib(utility.obj)
          Loaded MSVCRTD.lib(argv_mode.obj)
        Found _get_startup_commit_mode
          Referenced in MSVCRTD.lib(exe_main.obj)
          Loaded MSVCRTD.lib(commit_mode.obj)
        Found _get_startup_file_mode
          Referenced in MSVCRTD.lib(exe_main.obj)
          Loaded MSVCRTD.lib(file_mode.obj)
        Found _get_startup_new_mode
          Referenced in MSVCRTD.lib(exe_main.obj)
          Loaded MSVCRTD.lib(new_mode.obj)
        Found _get_startup_thread_locale_mode
          Referenced in MSVCRTD.lib(exe_main.obj)
          Loaded MSVCRTD.lib(thread_locale.obj)
        Found "void __cdecl __scrt_initialize_type_info(void)" (?__scrt_initialize_type_info@@YAXXZ)
          Referenced in MSVCRTD.lib(exe_main.obj)
          Loaded MSVCRTD.lib(tncleanup.obj)
        Found _should_initialize_environment
          Referenced in MSVCRTD.lib(exe_main.obj)
          Loaded MSVCRTD.lib(env_mode.obj)
        Found _initialize_invalid_parameter_handler
          Referenced in MSVCRTD.lib(exe_main.obj)
          Loaded MSVCRTD.lib(invalid_parameter_handler.obj)
        Found _initialize_denormal_control
          Referenced in MSVCRTD.lib(exe_main.obj)
          Loaded MSVCRTD.lib(denormal_control.obj)
        Found __scrt_initialize_default_local_stdio_options
          Referenced in MSVCRTD.lib(exe_main.obj)
          Loaded MSVCRTD.lib(default_local_stdio_options.obj)
        Found __scrt_is_user_matherr_present
          Referenced in MSVCRTD.lib(exe_main.obj)
          Loaded MSVCRTD.lib(matherr_detection.obj)
        Found __scrt_get_dyn_tls_init_callback
          Referenced in MSVCRTD.lib(exe_main.obj)
          Loaded MSVCRTD.lib(dyn_tls_init.obj)
        Found __scrt_get_dyn_tls_dtor_callback
          Referenced in MSVCRTD.lib(exe_main.obj)
          Loaded MSVCRTD.lib(dyn_tls_dtor.obj)
        Found __scrt_is_managed_app
          Referenced in MSVCRTD.lib(exe_main.obj)
          Loaded MSVCRTD.lib(utility_desktop.obj)
        Found _RTC_Initialize
          Referenced in MSVCRTD.lib(exe_main.obj)
          Loaded MSVCRTD.lib(initsect.obj)
        Found __xi_a
          Referenced in MSVCRTD.lib(exe_main.obj)
          Loaded MSVCRTD.lib(initializers.obj)
  Processed /DEFAULTLIB:kernel32.lib
   Processed /DISALLOWLIB:msvcrt.lib
   Processed /DISALLOWLIB:libcmt.lib
   Processed /DISALLOWLIB:libcmtd.lib
   Processed /DISALLOWLIB:vcruntime.lib
  Processed /DEFAULTLIB:vcruntimed.lib
   Processed /DISALLOWLIB:libvcruntime.lib
   Processed /DISALLOWLIB:libvcruntimed.lib
   Processed /DISALLOWLIB:ucrt.lib
  Processed /DEFAULTLIB:ucrtd.lib
   Processed /DISALLOWLIB:libucrt.lib
   Processed /DISALLOWLIB:libucrtd.lib
        Found __guard_dispatch_icall_fptr
          Referenced in MSVCRTD.lib(exe_main.obj)
          Referenced in MSVCRTD.lib(error.obj)
          Referenced in MSVCRTD.lib(utility.obj)
          Referenced in MSVCRTD.lib(initsect.obj)
          Loaded MSVCRTD.lib(guard_support.obj)
        Found "int __cdecl _RTC_GetSrcLine(unsigned char *,wchar_t *,unsigned long,int *,wchar_t *,unsigned long)" (?_RTC_GetSrcLine@@YAHPEAEPEA_WKPEAH1K@Z)
          Referenced in MSVCRTD.lib(error.obj)
          Loaded MSVCRTD.lib(pdblkup.obj)
        Found __isa_available_init
          Referenced in MSVCRTD.lib(utility.obj)
          Loaded MSVCRTD.lib(cpu_disp.obj)
        Found __scrt_is_ucrt_dll_in_use
          Referenced in MSVCRTD.lib(utility.obj)
          Loaded MSVCRTD.lib(ucrt_detection.obj)
        Found _guard_dispatch_icall_nop
          Referenced in MSVCRTD.lib(guard_support.obj)
          Loaded MSVCRTD.lib(guard_dispatch.obj)
        Found _guard_xfg_dispatch_icall_nop
          Referenced in MSVCRTD.lib(guard_support.obj)
          Loaded MSVCRTD.lib(guard_xfg_dispatch.obj)
      Searching C:\Program Files\Microsoft Visual Studio\2022\Community\VC\Tools\MSVC\14.38.33130\lib\x64\OLDNAMES.lib:
      Searching C:\Program Files (x86)\Windows Kits\10\lib\10.0.22621.0\um\x64\kernel32.lib:
        Found __imp_GetLastError
          Referenced in communication.obj
          Referenced in MSVCRTD.lib(pdblkup.obj)
          Loaded kernel32.lib(KERNEL32.dll)
        Found __imp_GetSystemInfo
          Referenced in parsing.obj
          Loaded kernel32.lib(KERNEL32.dll)
        Found __imp_CreateFileA
          Referenced in requests.obj
          Loaded kernel32.lib(KERNEL32.dll)
        Found __imp_WriteFile
          Referenced in requests.obj
          Loaded kernel32.lib(KERNEL32.dll)
        Found __imp_CloseHandle
          Referenced in requests.obj
          Loaded kernel32.lib(KERNEL32.dll)
        Found __imp_MultiByteToWideChar
          Referenced in utils.obj
          Referenced in MSVCRTD.lib(error.obj)
          Loaded kernel32.lib(KERNEL32.dll)
        Found __imp_WideCharToMultiByte
          Referenced in utils.obj
          Referenced in MSVCRTD.lib(error.obj)
          Loaded kernel32.lib(KERNEL32.dll)
        Found __imp_GetCurrentThreadId
          Referenced in MSVCRTD.lib(debugger_jmc.obj)
          Referenced in MSVCRTD.lib(gs_support.obj)
          Loaded kernel32.lib(KERNEL32.dll)
        Found __imp_IsDebuggerPresent
          Referenced in MSVCRTD.lib(error.obj)
          Referenced in MSVCRTD.lib(utility_desktop.obj)
          Loaded kernel32.lib(KERNEL32.dll)
        Found __imp_RaiseException
          Referenced in MSVCRTD.lib(error.obj)
          Loaded kernel32.lib(KERNEL32.dll)
        Found __imp_RtlCaptureContext
          Referenced in MSVCRTD.lib(gs_report.obj)
          Referenced in MSVCRTD.lib(utility_desktop.obj)
          Loaded kernel32.lib(KERNEL32.dll)
        Found __imp_RtlLookupFunctionEntry
          Referenced in MSVCRTD.lib(gs_report.obj)
          Referenced in MSVCRTD.lib(utility_desktop.obj)
          Loaded kernel32.lib(KERNEL32.dll)
        Found __imp_RtlVirtualUnwind
          Referenced in MSVCRTD.lib(gs_report.obj)
          Referenced in MSVCRTD.lib(utility_desktop.obj)
          Loaded kernel32.lib(KERNEL32.dll)
        Found __imp_UnhandledExceptionFilter
          Referenced in MSVCRTD.lib(gs_report.obj)
          Referenced in MSVCRTD.lib(utility_desktop.obj)
          Loaded kernel32.lib(KERNEL32.dll)
        Found __imp_SetUnhandledExceptionFilter
          Referenced in MSVCRTD.lib(gs_report.obj)
          Referenced in MSVCRTD.lib(utility_desktop.obj)
          Loaded kernel32.lib(KERNEL32.dll)
        Found __imp_GetCurrentProcess
          Referenced in MSVCRTD.lib(gs_report.obj)
          Loaded kernel32.lib(KERNEL32.dll)
        Found __imp_TerminateProcess
          Referenced in MSVCRTD.lib(gs_report.obj)
          Loaded kernel32.lib(KERNEL32.dll)
        Found __imp_IsProcessorFeaturePresent
          Referenced in MSVCRTD.lib(gs_report.obj)
          Referenced in MSVCRTD.lib(utility_desktop.obj)
          Loaded kernel32.lib(KERNEL32.dll)
        Found __imp_QueryPerformanceCounter
          Referenced in MSVCRTD.lib(gs_support.obj)
          Loaded kernel32.lib(KERNEL32.dll)
        Found __imp_GetCurrentProcessId
          Referenced in MSVCRTD.lib(gs_support.obj)
          Loaded kernel32.lib(KERNEL32.dll)
        Found __imp_GetSystemTimeAsFileTime
          Referenced in MSVCRTD.lib(gs_support.obj)
          Loaded kernel32.lib(KERNEL32.dll)
        Found __imp_InitializeSListHead
          Referenced in MSVCRTD.lib(tncleanup.obj)
          Loaded kernel32.lib(KERNEL32.dll)
        Found __imp_GetStartupInfoW
          Referenced in MSVCRTD.lib(utility_desktop.obj)
          Loaded kernel32.lib(KERNEL32.dll)
        Found __imp_GetModuleHandleW
          Referenced in MSVCRTD.lib(utility_desktop.obj)
          Loaded kernel32.lib(KERNEL32.dll)
        Found __imp_HeapAlloc
          Referenced in MSVCRTD.lib(pdblkup.obj)
          Loaded kernel32.lib(KERNEL32.dll)
        Found __imp_HeapFree
          Referenced in MSVCRTD.lib(pdblkup.obj)
          Loaded kernel32.lib(KERNEL32.dll)
        Found __imp_GetProcessHeap
          Referenced in MSVCRTD.lib(pdblkup.obj)
          Loaded kernel32.lib(KERNEL32.dll)
        Found __imp_VirtualQuery
          Referenced in MSVCRTD.lib(pdblkup.obj)
          Loaded kernel32.lib(KERNEL32.dll)
        Found __imp_FreeLibrary
          Referenced in MSVCRTD.lib(pdblkup.obj)
          Loaded kernel32.lib(KERNEL32.dll)
        Found __imp_GetProcAddress
          Referenced in MSVCRTD.lib(pdblkup.obj)
          Loaded kernel32.lib(KERNEL32.dll)
        Found __IMPORT_DESCRIPTOR_KERNEL32
          Referenced in kernel32.lib(KERNEL32.dll)
          Referenced in kernel32.lib(KERNEL32.dll)
          Referenced in kernel32.lib(KERNEL32.dll)
          Referenced in kernel32.lib(KERNEL32.dll)
          Referenced in kernel32.lib(KERNEL32.dll)
          Referenced in kernel32.lib(KERNEL32.dll)
          Referenced in kernel32.lib(KERNEL32.dll)
          Referenced in kernel32.lib(KERNEL32.dll)
          Referenced in kernel32.lib(KERNEL32.dll)
          Referenced in kernel32.lib(KERNEL32.dll)
          Referenced in kernel32.lib(KERNEL32.dll)
          Referenced in kernel32.lib(KERNEL32.dll)
          Referenced in kernel32.lib(KERNEL32.dll)
          Referenced in kernel32.lib(KERNEL32.dll)
          Referenced in kernel32.lib(KERNEL32.dll)
          Referenced in kernel32.lib(KERNEL32.dll)
          Referenced in kernel32.lib(KERNEL32.dll)
          Referenced in kernel32.lib(KERNEL32.dll)
          Referenced in kernel32.lib(KERNEL32.dll)
          Referenced in kernel32.lib(KERNEL32.dll)
          Referenced in kernel32.lib(KERNEL32.dll)
          Referenced in kernel32.lib(KERNEL32.dll)
          Referenced in kernel32.lib(KERNEL32.dll)
          Referenced in kernel32.lib(KERNEL32.dll)
          Referenced in kernel32.lib(KERNEL32.dll)
          Referenced in kernel32.lib(KERNEL32.dll)
          Referenced in kernel32.lib(KERNEL32.dll)
          Referenced in kernel32.lib(KERNEL32.dll)
          Referenced in kernel32.lib(KERNEL32.dll)
          Referenced in kernel32.lib(KERNEL32.dll)
          Loaded kernel32.lib(KERNEL32.dll)
        Found KERNEL32_NULL_THUNK_DATA
          Referenced in kernel32.lib(KERNEL32.dll)
          Loaded kernel32.lib(KERNEL32.dll)
      Searching C:\Program Files\Microsoft Visual Studio\2022\Community\VC\Tools\MSVC\14.38.33130\lib\x64\vcruntimed.lib:
        Found memcpy
          Referenced in communication.obj
          Referenced in parsing.obj
          Referenced in requests.obj
          Referenced in utils.obj
          Loaded vcruntimed.lib(VCRUNTIME140D.dll)
        Found __CxxFrameHandler4
          Referenced in internet.obj
          Referenced in requests.obj
          Referenced in utils.obj
          Referenced in MSVCRTD.lib(gshandlereh4.obj)
          Loaded vcruntimed.lib(VCRUNTIME140_1D.dll)
        Found memchr
          Referenced in requests.obj
          Loaded vcruntimed.lib(VCRUNTIME140D.dll)
        Found __std_exception_copy
          Referenced in requests.obj
          Referenced in MSVCRTD.lib(throw_bad_alloc.obj)
          Loaded vcruntimed.lib(VCRUNTIME140D.dll)
        Found __std_exception_destroy
          Referenced in requests.obj
          Referenced in MSVCRTD.lib(throw_bad_alloc.obj)
          Loaded vcruntimed.lib(VCRUNTIME140D.dll)
        Found _CxxThrowException
          Referenced in requests.obj
          Referenced in MSVCRTD.lib(throw_bad_alloc.obj)
          Loaded vcruntimed.lib(VCRUNTIME140D.dll)
        Found memset
          Referenced in utils.obj
          Loaded vcruntimed.lib(VCRUNTIME140D.dll)
        Found __C_specific_handler
          Referenced in MSVCRTD.lib(exe_main.obj)
          Referenced in MSVCRTD.lib(utility.obj)
          Loaded vcruntimed.lib(VCRUNTIME140D.dll)
        Found __C_specific_handler_noexcept
          Referenced in MSVCRTD.lib(error.obj)
          Loaded vcruntimed.lib(VCRUNTIME140D.dll)
        Found __std_type_info_destroy_list
          Referenced in MSVCRTD.lib(tncleanup.obj)
          Loaded vcruntimed.lib(VCRUNTIME140D.dll)
        Found __current_exception
          Referenced in MSVCRTD.lib(utility_desktop.obj)
          Loaded vcruntimed.lib(VCRUNTIME140D.dll)
        Found __current_exception_context
          Referenced in MSVCRTD.lib(utility_desktop.obj)
          Loaded vcruntimed.lib(VCRUNTIME140D.dll)
        Found __vcrt_GetModuleFileNameW
          Referenced in MSVCRTD.lib(pdblkup.obj)
          Loaded vcruntimed.lib(VCRUNTIME140D.dll)
        Found __vcrt_GetModuleHandleW
          Referenced in MSVCRTD.lib(pdblkup.obj)
          Loaded vcruntimed.lib(VCRUNTIME140D.dll)
        Found __vcrt_LoadLibraryExW
          Referenced in MSVCRTD.lib(pdblkup.obj)
          Loaded vcruntimed.lib(VCRUNTIME140D.dll)
        Found __IMPORT_DESCRIPTOR_VCRUNTIME140D
          Referenced in vcruntimed.lib(VCRUNTIME140D.dll)
          Referenced in vcruntimed.lib(VCRUNTIME140D.dll)
          Referenced in vcruntimed.lib(VCRUNTIME140D.dll)
          Referenced in vcruntimed.lib(VCRUNTIME140D.dll)
          Referenced in vcruntimed.lib(VCRUNTIME140D.dll)
          Referenced in vcruntimed.lib(VCRUNTIME140D.dll)
          Referenced in vcruntimed.lib(VCRUNTIME140D.dll)
          Referenced in vcruntimed.lib(VCRUNTIME140D.dll)
          Referenced in vcruntimed.lib(VCRUNTIME140D.dll)
          Referenced in vcruntimed.lib(VCRUNTIME140D.dll)
          Referenced in vcruntimed.lib(VCRUNTIME140D.dll)
          Referenced in vcruntimed.lib(VCRUNTIME140D.dll)
          Referenced in vcruntimed.lib(VCRUNTIME140D.dll)
          Referenced in vcruntimed.lib(VCRUNTIME140D.dll)
          Loaded vcruntimed.lib(VCRUNTIME140D.dll)
        Found __IMPORT_DESCRIPTOR_VCRUNTIME140_1D
          Referenced in vcruntimed.lib(VCRUNTIME140_1D.dll)
          Loaded vcruntimed.lib(VCRUNTIME140_1D.dll)
        Found VCRUNTIME140D_NULL_THUNK_DATA
          Referenced in vcruntimed.lib(VCRUNTIME140D.dll)
          Loaded vcruntimed.lib(VCRUNTIME140D.dll)
        Found VCRUNTIME140_1D_NULL_THUNK_DATA
          Referenced in vcruntimed.lib(VCRUNTIME140_1D.dll)
          Loaded vcruntimed.lib(VCRUNTIME140_1D.dll)
      Searching C:\Program Files (x86)\Windows Kits\10\lib\10.0.22621.0\ucrt\x64\ucrtd.lib:
        Found __imp_free
          Referenced in communication.obj
          Referenced in requests.obj
          Loaded ucrtd.lib(ucrtbased.dll)
        Found __imp_malloc
          Referenced in communication.obj
          Referenced in requests.obj
          Loaded ucrtd.lib(ucrtbased.dll)
        Found __imp___acrt_iob_func
          Referenced in requests.obj
          Referenced in utils.obj
          Referenced in communication.obj
          Referenced in internet.obj
          Referenced in client.obj
          Referenced in parsing.obj
          Loaded ucrtd.lib(ucrtbased.dll)
        Found __imp___stdio_common_vfwprintf
          Referenced in communication.obj
          Referenced in requests.obj
          Loaded ucrtd.lib(ucrtbased.dll)
        Found __imp___stdio_common_vfprintf
          Referenced in requests.obj
          Referenced in utils.obj
          Referenced in communication.obj
          Referenced in internet.obj
          Referenced in client.obj
          Referenced in parsing.obj
          Loaded ucrtd.lib(ucrtbased.dll)
        Found __imp___stdio_common_vfscanf
          Referenced in communication.obj
          Referenced in client.obj
          Referenced in requests.obj
          Loaded ucrtd.lib(ucrtbased.dll)
        Found strcmp
          Referenced in communication.obj
          Referenced in requests.obj
          Loaded ucrtd.lib(ucrtbased.dll)
        Found strlen
          Referenced in communication.obj
          Referenced in internet.obj
          Referenced in requests.obj
          Referenced in utils.obj
          Loaded ucrtd.lib(ucrtbased.dll)
        Found __imp__invalid_parameter
          Referenced in requests.obj
          Loaded ucrtd.lib(ucrtbased.dll)
        Found __imp_wcslen
          Referenced in requests.obj
          Referenced in utils.obj
          Loaded ucrtd.lib(ucrtbased.dll)
        Found __imp__CrtDbgReport
          Referenced in requests.obj
          Loaded ucrtd.lib(ucrtbased.dll)
        Found __imp_fflush
          Referenced in utils.obj
          Loaded ucrtd.lib(ucrtbased.dll)
        Found __imp_isdigit
          Referenced in utils.obj
          Loaded ucrtd.lib(ucrtbased.dll)
        Found _CrtDbgReportW
          Referenced in MSVCRTD.lib(init.obj)
          Loaded ucrtd.lib(ucrtbased.dll)
        Found _callnewh
          Referenced in MSVCRTD.lib(new_scalar.obj)
          Loaded ucrtd.lib(ucrtbased.dll)
        Found _seh_filter_exe
          Referenced in MSVCRTD.lib(exe_main.obj)
          Loaded ucrtd.lib(ucrtbased.dll)
        Found _set_app_type
          Referenced in MSVCRTD.lib(exe_main.obj)
          Loaded ucrtd.lib(ucrtbased.dll)
        Found __setusermatherr
          Referenced in MSVCRTD.lib(exe_main.obj)
          Loaded ucrtd.lib(ucrtbased.dll)
        Found _configure_narrow_argv
          Referenced in MSVCRTD.lib(exe_main.obj)
          Referenced in MSVCRTD.lib(utility.obj)
          Loaded ucrtd.lib(ucrtbased.dll)
        Found _initialize_narrow_environment
          Referenced in MSVCRTD.lib(exe_main.obj)
          Referenced in MSVCRTD.lib(utility.obj)
          Loaded ucrtd.lib(ucrtbased.dll)
        Found _get_initial_narrow_environment
          Referenced in MSVCRTD.lib(exe_main.obj)
          Loaded ucrtd.lib(ucrtbased.dll)
        Found _initterm
          Referenced in MSVCRTD.lib(exe_main.obj)
          Loaded ucrtd.lib(ucrtbased.dll)
        Found _initterm_e
          Referenced in MSVCRTD.lib(exe_main.obj)
          Loaded ucrtd.lib(ucrtbased.dll)
        Found exit
          Referenced in MSVCRTD.lib(exe_main.obj)
          Loaded ucrtd.lib(ucrtbased.dll)
        Found _exit
          Referenced in MSVCRTD.lib(exe_main.obj)
          Loaded ucrtd.lib(ucrtbased.dll)
        Found _set_fmode
          Referenced in MSVCRTD.lib(exe_main.obj)
          Loaded ucrtd.lib(ucrtbased.dll)
        Found __p___argc
          Referenced in MSVCRTD.lib(exe_main.obj)
          Loaded ucrtd.lib(ucrtbased.dll)
        Found __p___argv
          Referenced in MSVCRTD.lib(exe_main.obj)
          Loaded ucrtd.lib(ucrtbased.dll)
        Found _cexit
          Referenced in MSVCRTD.lib(exe_main.obj)
          Referenced in MSVCRTD.lib(utility.obj)
          Loaded ucrtd.lib(ucrtbased.dll)
        Found _c_exit
          Referenced in MSVCRTD.lib(exe_main.obj)
          Loaded ucrtd.lib(ucrtbased.dll)
        Found _register_thread_local_exe_atexit_callback
          Referenced in MSVCRTD.lib(exe_main.obj)
          Loaded ucrtd.lib(ucrtbased.dll)
        Found _configthreadlocale
          Referenced in MSVCRTD.lib(exe_main.obj)
          Loaded ucrtd.lib(ucrtbased.dll)
        Found _set_new_mode
          Referenced in MSVCRTD.lib(exe_main.obj)
          Loaded ucrtd.lib(ucrtbased.dll)
        Found __p__commode
          Referenced in MSVCRTD.lib(exe_main.obj)
          Loaded ucrtd.lib(ucrtbased.dll)
        Found strcpy_s
          Referenced in MSVCRTD.lib(error.obj)
          Loaded ucrtd.lib(ucrtbased.dll)
        Found strcat_s
          Referenced in MSVCRTD.lib(error.obj)
          Loaded ucrtd.lib(ucrtbased.dll)
        Found __stdio_common_vsprintf_s
          Referenced in MSVCRTD.lib(error.obj)
          Loaded ucrtd.lib(ucrtbased.dll)
        Found _free_dbg
          Referenced in MSVCRTD.lib(delete_scalar.obj)
          Loaded ucrtd.lib(ucrtbased.dll)
        Found _seh_filter_dll
          Referenced in MSVCRTD.lib(utility.obj)
          Loaded ucrtd.lib(ucrtbased.dll)
        Found _initialize_onexit_table
          Referenced in MSVCRTD.lib(utility.obj)
          Loaded ucrtd.lib(ucrtbased.dll)
        Found _register_onexit_function
          Referenced in MSVCRTD.lib(utility.obj)
          Loaded ucrtd.lib(ucrtbased.dll)
        Found _execute_onexit_table
          Referenced in MSVCRTD.lib(utility.obj)
          Loaded ucrtd.lib(ucrtbased.dll)
        Found _crt_atexit
          Referenced in MSVCRTD.lib(utility.obj)
          Loaded ucrtd.lib(ucrtbased.dll)
        Found _crt_at_quick_exit
          Referenced in MSVCRTD.lib(utility.obj)
          Loaded ucrtd.lib(ucrtbased.dll)
        Found terminate
          Referenced in MSVCRTD.lib(utility_desktop.obj)
          Loaded ucrtd.lib(ucrtbased.dll)
        Found _wmakepath_s
          Referenced in MSVCRTD.lib(pdblkup.obj)
          Loaded ucrtd.lib(ucrtbased.dll)
        Found _wsplitpath_s
          Referenced in MSVCRTD.lib(pdblkup.obj)
          Loaded ucrtd.lib(ucrtbased.dll)
        Found wcscpy_s
          Referenced in MSVCRTD.lib(pdblkup.obj)
          Loaded ucrtd.lib(ucrtbased.dll)
        Found __IMPORT_DESCRIPTOR_ucrtbased
          Referenced in ucrtd.lib(ucrtbased.dll)
          Referenced in ucrtd.lib(ucrtbased.dll)
          Referenced in ucrtd.lib(ucrtbased.dll)
          Referenced in ucrtd.lib(ucrtbased.dll)
          Referenced in ucrtd.lib(ucrtbased.dll)
          Referenced in ucrtd.lib(ucrtbased.dll)
          Referenced in ucrtd.lib(ucrtbased.dll)
          Referenced in ucrtd.lib(ucrtbased.dll)
          Referenced in ucrtd.lib(ucrtbased.dll)
          Referenced in ucrtd.lib(ucrtbased.dll)
          Referenced in ucrtd.lib(ucrtbased.dll)
          Referenced in ucrtd.lib(ucrtbased.dll)
          Referenced in ucrtd.lib(ucrtbased.dll)
          Referenced in ucrtd.lib(ucrtbased.dll)
          Referenced in ucrtd.lib(ucrtbased.dll)
          Referenced in ucrtd.lib(ucrtbased.dll)
          Referenced in ucrtd.lib(ucrtbased.dll)
          Referenced in ucrtd.lib(ucrtbased.dll)
          Referenced in ucrtd.lib(ucrtbased.dll)
          Referenced in ucrtd.lib(ucrtbased.dll)
          Referenced in ucrtd.lib(ucrtbased.dll)
          Referenced in ucrtd.lib(ucrtbased.dll)
          Referenced in ucrtd.lib(ucrtbased.dll)
          Referenced in ucrtd.lib(ucrtbased.dll)
          Referenced in ucrtd.lib(ucrtbased.dll)
          Referenced in ucrtd.lib(ucrtbased.dll)
          Referenced in ucrtd.lib(ucrtbased.dll)
          Referenced in ucrtd.lib(ucrtbased.dll)
          Referenced in ucrtd.lib(ucrtbased.dll)
          Referenced in ucrtd.lib(ucrtbased.dll)
          Referenced in ucrtd.lib(ucrtbased.dll)
          Referenced in ucrtd.lib(ucrtbased.dll)
          Referenced in ucrtd.lib(ucrtbased.dll)
          Referenced in ucrtd.lib(ucrtbased.dll)
          Referenced in ucrtd.lib(ucrtbased.dll)
          Referenced in ucrtd.lib(ucrtbased.dll)
          Referenced in ucrtd.lib(ucrtbased.dll)
          Referenced in ucrtd.lib(ucrtbased.dll)
          Referenced in ucrtd.lib(ucrtbased.dll)
          Referenced in ucrtd.lib(ucrtbased.dll)
          Referenced in ucrtd.lib(ucrtbased.dll)
          Referenced in ucrtd.lib(ucrtbased.dll)
          Referenced in ucrtd.lib(ucrtbased.dll)
          Referenced in ucrtd.lib(ucrtbased.dll)
          Referenced in ucrtd.lib(ucrtbased.dll)
          Referenced in ucrtd.lib(ucrtbased.dll)
          Referenced in ucrtd.lib(ucrtbased.dll)
          Referenced in ucrtd.lib(ucrtbased.dll)
          Loaded ucrtd.lib(ucrtbased.dll)
        Found ucrtbased_NULL_THUNK_DATA
          Referenced in ucrtd.lib(ucrtbased.dll)
          Loaded ucrtd.lib(ucrtbased.dll)
      Searching C:\Program Files (x86)\Windows Kits\10\lib\10.0.22621.0\um\x64\ws2_32.lib:
      Searching C:\Program Files\Microsoft Visual Studio\2022\Community\VC\Tools\MSVC\14.38.33130\lib\x64\msvcprtd.lib:
      Searching C:\Program Files (x86)\Windows Kits\10\lib\10.0.22621.0\um\x64\uuid.lib:
      Searching C:\Program Files\Microsoft Visual Studio\2022\Community\VC\Tools\MSVC\14.38.33130\lib\x64\MSVCRTD.lib:
      Searching C:\Program Files\Microsoft Visual Studio\2022\Community\VC\Tools\MSVC\14.38.33130\lib\x64\OLDNAMES.lib:
      Searching C:\Program Files (x86)\Windows Kits\10\lib\10.0.22621.0\um\x64\kernel32.lib:
      Searching C:\Program Files\Microsoft Visual Studio\2022\Community\VC\Tools\MSVC\14.38.33130\lib\x64\vcruntimed.lib:
  Finished searching libraries
  Searching libraries
      Searching C:\Program Files (x86)\Windows Kits\10\lib\10.0.22621.0\um\x64\ws2_32.lib:
      Searching C:\Program Files\Microsoft Visual Studio\2022\Community\VC\Tools\MSVC\14.38.33130\lib\x64\msvcprtd.lib:
      Searching C:\Program Files (x86)\Windows Kits\10\lib\10.0.22621.0\um\x64\uuid.lib:
      Searching C:\Program Files\Microsoft Visual Studio\2022\Community\VC\Tools\MSVC\14.38.33130\lib\x64\MSVCRTD.lib:
        Found __scrt_stub_for_acrt_initialize
          Loaded MSVCRTD.lib(ucrt_stubs.obj)
      Searching C:\Program Files\Microsoft Visual Studio\2022\Community\VC\Tools\MSVC\14.38.33130\lib\x64\OLDNAMES.lib:
      Searching C:\Program Files (x86)\Windows Kits\10\lib\10.0.22621.0\um\x64\kernel32.lib:
      Searching C:\Program Files\Microsoft Visual Studio\2022\Community\VC\Tools\MSVC\14.38.33130\lib\x64\vcruntimed.lib:
      Searching C:\Program Files (x86)\Windows Kits\10\lib\10.0.22621.0\ucrt\x64\ucrtd.lib:
  Finished searching libraries
  Searching libraries
      Searching C:\Program Files (x86)\Windows Kits\10\lib\10.0.22621.0\um\x64\ws2_32.lib:
      Searching C:\Program Files\Microsoft Visual Studio\2022\Community\VC\Tools\MSVC\14.38.33130\lib\x64\msvcprtd.lib:
      Searching C:\Program Files (x86)\Windows Kits\10\lib\10.0.22621.0\um\x64\uuid.lib:
      Searching C:\Program Files\Microsoft Visual Studio\2022\Community\VC\Tools\MSVC\14.38.33130\lib\x64\MSVCRTD.lib:
      Searching C:\Program Files\Microsoft Visual Studio\2022\Community\VC\Tools\MSVC\14.38.33130\lib\x64\OLDNAMES.lib:
      Searching C:\Program Files (x86)\Windows Kits\10\lib\10.0.22621.0\um\x64\kernel32.lib:
      Searching C:\Program Files\Microsoft Visual Studio\2022\Community\VC\Tools\MSVC\14.38.33130\lib\x64\vcruntimed.lib:
      Searching C:\Program Files (x86)\Windows Kits\10\lib\10.0.22621.0\ucrt\x64\ucrtd.lib:
  Finished searching libraries
  Searching libraries
      Searching C:\Program Files (x86)\Windows Kits\10\lib\10.0.22621.0\um\x64\ws2_32.lib:
      Searching C:\Program Files\Microsoft Visual Studio\2022\Community\VC\Tools\MSVC\14.38.33130\lib\x64\msvcprtd.lib:
      Searching C:\Program Files (x86)\Windows Kits\10\lib\10.0.22621.0\um\x64\uuid.lib:
      Searching C:\Program Files\Microsoft Visual Studio\2022\Community\VC\Tools\MSVC\14.38.33130\lib\x64\MSVCRTD.lib:
      Searching C:\Program Files\Microsoft Visual Studio\2022\Community\VC\Tools\MSVC\14.38.33130\lib\x64\OLDNAMES.lib:
      Searching C:\Program Files (x86)\Windows Kits\10\lib\10.0.22621.0\um\x64\kernel32.lib:
      Searching C:\Program Files\Microsoft Visual Studio\2022\Community\VC\Tools\MSVC\14.38.33130\lib\x64\vcruntimed.lib:
      Searching C:\Program Files (x86)\Windows Kits\10\lib\10.0.22621.0\ucrt\x64\ucrtd.lib:
  Finished searching libraries
  Finished pass 1
  Searching libraries
      Searching C:\Program Files (x86)\Windows Kits\10\lib\10.0.22621.0\um\x64\ws2_32.lib:
      Searching C:\Program Files\Microsoft Visual Studio\2022\Community\VC\Tools\MSVC\14.38.33130\lib\x64\msvcprtd.lib:
      Searching C:\Program Files (x86)\Windows Kits\10\lib\10.0.22621.0\um\x64\uuid.lib:
      Searching C:\Program Files\Microsoft Visual Studio\2022\Community\VC\Tools\MSVC\14.38.33130\lib\x64\MSVCRTD.lib:
        Found _load_config_used
          Loaded MSVCRTD.lib(loadcfg.obj)
      Searching C:\Program Files\Microsoft Visual Studio\2022\Community\VC\Tools\MSVC\14.38.33130\lib\x64\OLDNAMES.lib:
      Searching C:\Program Files (x86)\Windows Kits\10\lib\10.0.22621.0\um\x64\kernel32.lib:
      Searching C:\Program Files\Microsoft Visual Studio\2022\Community\VC\Tools\MSVC\14.38.33130\lib\x64\vcruntimed.lib:
        Found __guard_memcpy_fptr
          Referenced in MSVCRTD.lib(loadcfg.obj)
          Loaded vcruntimed.lib(softmemtag.obj)
  Finished searching libraries
  Invoking rc.exe:
   /v
   /x
   /fo
   "C:\Users\shayg\AppData\Local\Temp\lnk{4B25BA1A-BE6E-43CE-BD47-416249FDD169}.tmp"
   "C:\Users\shayg\AppData\Local\Temp\lnk{7ADB969D-4CF2-403E-91F8-4EBF2C1CDC7C}.tmp"
  Microsoft (R) Windows (R) Resource Compiler Version 10.0.10011.16384
  
  Copyright (C) Microsoft Corporation.  All rights reserved.
  
  
  Using codepage 1252 as default
  Creating C:\Users\shayg\AppData\Local\Temp\lnk{4B25BA1A-BE6E-43CE-BD47-416249FDD169}.tmp
  
  
  C:\Users\shayg\AppData\Local\Temp\lnk{7ADB969D-4CF2-403E-91F8-4EBF2C1CDC7C}.tmp.
  Writing 24:1,	lang:0x409,	size 381
  Invoking cvtres.exe:
   /machine:amd64
   /verbose
   /out:"C:\Users\shayg\AppData\Local\Temp\lnk{4E8B96E5-28DE-41B8-A0AA-31000948507D}.tmp"
   /readonly
   "C:\Users\shayg\AppData\Local\Temp\lnk{4B25BA1A-BE6E-43CE-BD47-416249FDD169}.tmp"
  Microsoft (R) Windows Resource To Object Converter Version 14.38.33135.0
  Copyright (C) Microsoft Corporation.  All rights reserved.
  
  adding resource. type:MANIFEST, name:1, language:0x0409, flags:0x30, size:381
  Unused libraries:
    C:\Program Files (x86)\Windows Kits\10\lib\10.0.22621.0\um\x64\uuid.lib
    C:\Program Files\Microsoft Visual Studio\2022\Community\VC\Tools\MSVC\14.38.33130\lib\x64\OLDNAMES.lib
  Starting pass 2
       * linker generated manifest res *
       utils.obj
       requests.obj
       parsing.obj
       client.obj
       internet.obj
       communication.obj
       ws2_32.lib(WS2_32.dll)
       ws2_32.lib(WS2_32.dll)
       ws2_32.lib(WS2_32.dll)
       ws2_32.lib(WS2_32.dll)
       ws2_32.lib(WS2_32.dll)
       ws2_32.lib(WS2_32.dll)
       ws2_32.lib(WS2_32.dll)
       ws2_32.lib(WS2_32.dll)
       ws2_32.lib(WS2_32.dll)
       ws2_32.lib(WS2_32.dll)
       ws2_32.lib(WS2_32.dll)
       ws2_32.lib(WS2_32.dll)
       ws2_32.lib(WS2_32.dll)
       ws2_32.lib(WS2_32.dll)
       ws2_32.lib(WS2_32.dll)
       ws2_32.lib(WS2_32.dll)
       msvcprtd.lib(MSVCP140D.dll)
       msvcprtd.lib(MSVCP140D.dll)
       msvcprtd.lib(MSVCP140D.dll)
       msvcprtd.lib(MSVCP140D.dll)
       msvcprtd.lib(MSVCP140D.dll)
       msvcprtd.lib(MSVCP140D.dll)
       msvcprtd.lib(MSVCP140D.dll)
       msvcprtd.lib(MSVCP140D.dll)
       msvcprtd.lib(MSVCP140D.dll)
       msvcprtd.lib(MSVCP140D.dll)
       msvcprtd.lib(MSVCP140D.dll)
       msvcprtd.lib(MSVCP140D.dll)
       msvcprtd.lib(MSVCP140D.dll)
       msvcprtd.lib(MSVCP140D.dll)
       msvcprtd.lib(MSVCP140D.dll)
       msvcprtd.lib(MSVCP140D.dll)
       msvcprtd.lib(MSVCP140D.dll)
       msvcprtd.lib(MSVCP140D.dll)
       msvcprtd.lib(MSVCP140D.dll)
       msvcprtd.lib(MSVCP140D.dll)
       msvcprtd.lib(MSVCP140D.dll)
       msvcprtd.lib(MSVCP140D.dll)
       msvcprtd.lib(MSVCP140D.dll)
       MSVCRTD.lib(amdsecgs.obj)
       MSVCRTD.lib(chkstk.obj)
       MSVCRTD.lib(guard_dispatch.obj)
       MSVCRTD.lib(guard_xfg_dispatch.obj)
       MSVCRTD.lib(gs_cookie.obj)
       MSVCRTD.lib(gs_report.obj)
       MSVCRTD.lib(gs_support.obj)
       MSVCRTD.lib(debugger_jmc.obj)
       MSVCRTD.lib(guard_support.obj)
       MSVCRTD.lib(loadcfg.obj)
       MSVCRTD.lib(dyn_tls_dtor.obj)
       MSVCRTD.lib(dyn_tls_init.obj)
       MSVCRTD.lib(matherr_detection.obj)
       MSVCRTD.lib(ucrt_detection.obj)
       MSVCRTD.lib(cpu_disp.obj)
       MSVCRTD.lib(argv_mode.obj)
       MSVCRTD.lib(commit_mode.obj)
       MSVCRTD.lib(default_local_stdio_options.obj)
       MSVCRTD.lib(denormal_control.obj)
       MSVCRTD.lib(env_mode.obj)
       MSVCRTD.lib(file_mode.obj)
       MSVCRTD.lib(invalid_parameter_handler.obj)
       MSVCRTD.lib(matherr.obj)
       MSVCRTD.lib(new_mode.obj)
       MSVCRTD.lib(thread_locale.obj)
       MSVCRTD.lib(std_type_info_static.obj)
       MSVCRTD.lib(tncleanup.obj)
       MSVCRTD.lib(delete_scalar.obj)
       MSVCRTD.lib(delete_scalar_size.obj)
       MSVCRTD.lib(new_scalar.obj)
       MSVCRTD.lib(throw_bad_alloc.obj)
       MSVCRTD.lib(exe_main.obj)
       MSVCRTD.lib(initializers.obj)
       MSVCRTD.lib(utility.obj)
       MSVCRTD.lib(ucrt_stubs.obj)
       MSVCRTD.lib(utility_desktop.obj)
       MSVCRTD.lib(error.obj)
       MSVCRTD.lib(init.obj)
       MSVCRTD.lib(initsect.obj)
       MSVCRTD.lib(pdblkup.obj)
       MSVCRTD.lib(stack.obj)
       MSVCRTD.lib(userapi.obj)
       MSVCRTD.lib(gshandler.obj)
       MSVCRTD.lib(gshandlereh4.obj)
       kernel32.lib(KERNEL32.dll)
       kernel32.lib(KERNEL32.dll)
       kernel32.lib(KERNEL32.dll)
       kernel32.lib(KERNEL32.dll)
       kernel32.lib(KERNEL32.dll)
       kernel32.lib(KERNEL32.dll)
       kernel32.lib(KERNEL32.dll)
       kernel32.lib(KERNEL32.dll)
       kernel32.lib(KERNEL32.dll)
       kernel32.lib(KERNEL32.dll)
       kernel32.lib(KERNEL32.dll)
       kernel32.lib(KERNEL32.dll)
       kernel32.lib(KERNEL32.dll)
       kernel32.lib(KERNEL32.dll)
       kernel32.lib(KERNEL32.dll)
       kernel32.lib(KERNEL32.dll)
       kernel32.lib(KERNEL32.dll)
       kernel32.lib(KERNEL32.dll)
       kernel32.lib(KERNEL32.dll)
       kernel32.lib(KERNEL32.dll)
       kernel32.lib(KERNEL32.dll)
       kernel32.lib(KERNEL32.dll)
       kernel32.lib(KERNEL32.dll)
       kernel32.lib(KERNEL32.dll)
       kernel32.lib(KERNEL32.dll)
       kernel32.lib(KERNEL32.dll)
       kernel32.lib(KERNEL32.dll)
       kernel32.lib(KERNEL32.dll)
       kernel32.lib(KERNEL32.dll)
       kernel32.lib(KERNEL32.dll)
       kernel32.lib(KERNEL32.dll)
       kernel32.lib(KERNEL32.dll)
       vcruntimed.lib(VCRUNTIME140_1D.dll)
       vcruntimed.lib(VCRUNTIME140_1D.dll)
       vcruntimed.lib(VCRUNTIME140_1D.dll)
       vcruntimed.lib(VCRUNTIME140D.dll)
       vcruntimed.lib(VCRUNTIME140D.dll)
       vcruntimed.lib(VCRUNTIME140D.dll)
       vcruntimed.lib(VCRUNTIME140D.dll)
       vcruntimed.lib(VCRUNTIME140D.dll)
       vcruntimed.lib(VCRUNTIME140D.dll)
       vcruntimed.lib(VCRUNTIME140D.dll)
       vcruntimed.lib(VCRUNTIME140D.dll)
       vcruntimed.lib(VCRUNTIME140D.dll)
       vcruntimed.lib(VCRUNTIME140D.dll)
       vcruntimed.lib(VCRUNTIME140D.dll)
       vcruntimed.lib(VCRUNTIME140D.dll)
       vcruntimed.lib(VCRUNTIME140D.dll)
       vcruntimed.lib(VCRUNTIME140D.dll)
       vcruntimed.lib(VCRUNTIME140D.dll)
       vcruntimed.lib(VCRUNTIME140D.dll)
       vcruntimed.lib(softmemtag.obj)
       ucrtd.lib(ucrtbased.dll)
       ucrtd.lib(ucrtbased.dll)
       ucrtd.lib(ucrtbased.dll)
       ucrtd.lib(ucrtbased.dll)
       ucrtd.lib(ucrtbased.dll)
       ucrtd.lib(ucrtbased.dll)
       ucrtd.lib(ucrtbased.dll)
       ucrtd.lib(ucrtbased.dll)
       ucrtd.lib(ucrtbased.dll)
       ucrtd.lib(ucrtbased.dll)
       ucrtd.lib(ucrtbased.dll)
       ucrtd.lib(ucrtbased.dll)
       ucrtd.lib(ucrtbased.dll)
       ucrtd.lib(ucrtbased.dll)
       ucrtd.lib(ucrtbased.dll)
       ucrtd.lib(ucrtbased.dll)
       ucrtd.lib(ucrtbased.dll)
       ucrtd.lib(ucrtbased.dll)
       ucrtd.lib(ucrtbased.dll)
       ucrtd.lib(ucrtbased.dll)
       ucrtd.lib(ucrtbased.dll)
       ucrtd.lib(ucrtbased.dll)
       ucrtd.lib(ucrtbased.dll)
       ucrtd.lib(ucrtbased.dll)
       ucrtd.lib(ucrtbased.dll)
       ucrtd.lib(ucrtbased.dll)
       ucrtd.lib(ucrtbased.dll)
       ucrtd.lib(ucrtbased.dll)
       ucrtd.lib(ucrtbased.dll)
       ucrtd.lib(ucrtbased.dll)
       ucrtd.lib(ucrtbased.dll)
       ucrtd.lib(ucrtbased.dll)
       ucrtd.lib(ucrtbased.dll)
       ucrtd.lib(ucrtbased.dll)
       ucrtd.lib(ucrtbased.dll)
       ucrtd.lib(ucrtbased.dll)
       ucrtd.lib(ucrtbased.dll)
       ucrtd.lib(ucrtbased.dll)
       ucrtd.lib(ucrtbased.dll)
       ucrtd.lib(ucrtbased.dll)
       ucrtd.lib(ucrtbased.dll)
       ucrtd.lib(ucrtbased.dll)
       ucrtd.lib(ucrtbased.dll)
       ucrtd.lib(ucrtbased.dll)
       ucrtd.lib(ucrtbased.dll)
       ucrtd.lib(ucrtbased.dll)
       ucrtd.lib(ucrtbased.dll)
       ucrtd.lib(ucrtbased.dll)
       ucrtd.lib(ucrtbased.dll)
       ucrtd.lib(ucrtbased.dll)
  Finished pass 2
  ActClient.vcxproj -> H:\current\ActClient\x64\Debug\ActClient.exe
