d:\current\trypack\x64\release\vc143.pdb
d:\current\trypack\x64\release\utils.obj
d:\current\trypack\x64\release\networking.obj
d:\current\trypack\x64\release\funengine.obj
d:\current\trypack\x64\release\configurations.obj
d:\current\trypack\x64\release\funengine.exe
d:\current\trypack\x64\release\funengine.pdb
d:\current\trypack\x64\release\funengine.ipdb
d:\current\trypack\x64\release\funengine.iobj
h:\current\trypack\x64\release\configurations.obj
h:\current\trypack\x64\release\funengine.obj
h:\current\trypack\x64\release\networking.obj
h:\current\trypack\x64\release\utils.obj
h:\current\trypack\x64\release\funengine.ipdb
h:\current\trypack\x64\release\funengine.iobj
h:\current\trypack\x64\release\funengine.pdb
h:\current\trypack\x64\release\vc143.pdb
h:\current\trypack\x64\release\funengine.exe
h:\current\trypack\x64\release\funengine.tlog\cl.command.1.tlog
h:\current\trypack\x64\release\funengine.tlog\cl.read.1.tlog
h:\current\trypack\x64\release\funengine.tlog\cl.write.1.tlog
h:\current\trypack\x64\release\funengine.tlog\link.command.1.tlog
h:\current\trypack\x64\release\funengine.tlog\link.read.1.tlog
h:\current\trypack\x64\release\funengine.tlog\link.write.1.tlog
h:\current\trypack\x64\release\funengine.tlog\link.write.2u.tlog
