  configurations.cpp
  FunEngine.cpp
H:\current\trypack\FunEngine.cpp(107,58): warning C4267: 'argument': conversion from 'size_t' to '_Ty', possible loss of data
H:\current\trypack\FunEngine.cpp(107,58): warning C4267:         with
H:\current\trypack\FunEngine.cpp(107,58): warning C4267:         [
H:\current\trypack\FunEngine.cpp(107,58): warning C4267:             _Ty=int
H:\current\trypack\FunEngine.cpp(107,58): warning C4267:         ]
  networking.cpp
  utils.cpp
H:\current\trypack\utils.cpp(49,18): warning C4267: '+=': conversion from 'size_t' to 'int', possible loss of data
H:\current\trypack\utils.cpp(63,56): warning C4267: 'argument': conversion from 'size_t' to 'DWORD', possible loss of data
H:\current\trypack\utils.cpp(66,49): warning C4267: 'argument': conversion from 'size_t' to 'DWORD', possible loss of data
H:\current\trypack\utils.cpp(114,23): warning C4267: '+=': conversion from 'size_t' to 'int', possible loss of data
H:\current\trypack\utils.cpp(118,25): warning C4267: '+=': conversion from 'size_t' to 'int', possible loss of data
H:\current\trypack\utils.cpp(232,54): warning C4244: 'argument': conversion from 'ULONG64' to 'DWORD', possible loss of data
H:\current\trypack\utils.cpp(234,51): warning C4244: 'argument': conversion from 'ULONG64' to 'DWORD', possible loss of data
  Generating code
  Previous IPDB not found, fall back to full compilation.
  All 34 functions were compiled because no usable IPDB/IOBJ from previous compilation was found.
  Finished generating code
  FunEngine.vcxproj -> H:\current\trypack\x64\Release\FunEngine.exe
