  helpers.cpp
C:\Program Files\Microsoft Visual Studio\2022\Preview\VC\Tools\MSVC\14.38.33030\include\xstring(2733,53): warning C4244: 'argument': conversion from 'wchar_t' to 'const _Elem', possible loss of data
          with
          [
              _Elem=char
          ]
C:\Program Files\Microsoft Visual Studio\2022\Preview\VC\Tools\MSVC\14.38.33030\include\xstring(2733,53): message : the template instantiation context (the oldest one first) is
H:\current\MainMedium\helpers.cpp(13,28): message : see reference to function template instantiation 'std::basic_string<char,std::char_traits<char>,std::allocator<char>>::basic_string<std::_String_iterator<std::_String_val<std::_Simple_types<_Elem>>>,0>(_Iter,_Iter,const _Alloc &)' being compiled
          with
          [
              _Elem=wchar_t,
              _Iter=std::_String_iterator<std::_String_val<std::_Simple_types<wchar_t>>>,
              _Alloc=std::allocator<char>
          ]
H:\current\MainMedium\helpers.cpp(13,28): message : see the first reference to 'std::basic_string<char,std::char_traits<char>,std::allocator<char>>::basic_string' in 'GetPID'
C:\Program Files\Microsoft Visual Studio\2022\Preview\VC\Tools\MSVC\14.38.33030\include\xstring(2583,17): message : see reference to function template instantiation 'void std::basic_string<char,std::char_traits<char>,std::allocator<char>>::_Construct_from_iter<wchar_t*,wchar_t*,_Size_type>(_Iter,const _Sent,_Size)' being compiled
          with
          [
              _Size_type=unsigned __int64,
              _Iter=wchar_t *,
              _Sent=wchar_t *,
              _Size=unsigned __int64
          ]
  rootreqs.cpp
  internet.cpp
  medium.cpp
H:\current\MainMedium\medium.cpp(28,21): warning C4309: 'initializing': truncation of constant value
  Generating code
  Previous IPDB not found, fall back to full compilation.
  All 168 functions were compiled because no usable IPDB/IOBJ from previous compilation was found.
  Finished generating code
  MainMedium.vcxproj -> H:\current\MainMedium\x64\Release\MainMedium.exe
