d:\current\trypack\autostart\x64\release\vc143.pdb
d:\current\trypack\autostart\x64\release\utils.obj
d:\current\trypack\autostart\x64\release\helpers.obj
d:\current\trypack\autostart\x64\release\autostart.obj
d:\current\trypack\autostart\x64\release\autostart.exe
d:\current\trypack\autostart\x64\release\autostart.pdb
d:\current\trypack\autostart\x64\release\autostart.ipdb
d:\current\trypack\autostart\x64\release\autostart.iobj
h:\current\trypack\autostart\x64\release\autostart.obj
h:\current\trypack\autostart\x64\release\helpers.obj
h:\current\trypack\autostart\x64\release\utils.obj
h:\current\trypack\autostart\x64\release\autostart.ipdb
h:\current\trypack\autostart\x64\release\autostart.iobj
h:\current\trypack\autostart\x64\release\autostart.pdb
h:\current\trypack\autostart\x64\release\vc143.pdb
h:\current\trypack\autostart\x64\release\autostart.exe
h:\current\trypack\autostart\x64\release\autostart.tlog\cl.command.1.tlog
h:\current\trypack\autostart\x64\release\autostart.tlog\cl.read.1.tlog
h:\current\trypack\autostart\x64\release\autostart.tlog\cl.write.1.tlog
h:\current\trypack\autostart\x64\release\autostart.tlog\link.command.1.tlog
h:\current\trypack\autostart\x64\release\autostart.tlog\link.read.1.tlog
h:\current\trypack\autostart\x64\release\autostart.tlog\link.write.1.tlog
h:\current\trypack\autostart\x64\release\autostart.tlog\link.write.2u.tlog
