h:\current\kmdfdriver\x64\release\vc143.pdb
h:\current\kmdfdriver\x64\release\ssdt.obj
h:\current\kmdfdriver\x64\release\requests.obj
h:\current\kmdfdriver\x64\release\piping.obj
h:\current\kmdfdriver\x64\release\problematic.obj
h:\current\kmdfdriver\x64\release\memory.obj
h:\current\kmdfdriver\x64\release\irp.obj
h:\current\kmdfdriver\x64\release\hooking.obj
h:\current\kmdfdriver\x64\release\helpers.obj
h:\current\kmdfdriver\x64\release\driver.obj
h:\current\kmdfdriver\x64\release\dkom.obj
h:\current\kmdfdriver\x64\release\concrt140.dll
h:\current\kmdfdriver\x64\release\msvcp140.dll
h:\current\kmdfdriver\x64\release\msvcp140_1.dll
h:\current\kmdfdriver\x64\release\msvcp140_2.dll
h:\current\kmdfdriver\x64\release\msvcp140_atomic_wait.dll
h:\current\kmdfdriver\x64\release\msvcp140_codecvt_ids.dll
h:\current\kmdfdriver\x64\release\vccorlib140.dll
h:\current\kmdfdriver\x64\release\vcruntime140.dll
h:\current\kmdfdriver\x64\release\vcruntime140_1.dll
h:\current\kmdfdriver\x64\release\vcruntime140_threads.dll
h:\current\kmdfdriver\x64\release\vcamp140.dll
h:\current\kmdfdriver\x64\release\mfc140chs.dll
h:\current\kmdfdriver\x64\release\mfc140cht.dll
h:\current\kmdfdriver\x64\release\mfc140deu.dll
h:\current\kmdfdriver\x64\release\mfc140enu.dll
h:\current\kmdfdriver\x64\release\mfc140esn.dll
h:\current\kmdfdriver\x64\release\mfc140fra.dll
h:\current\kmdfdriver\x64\release\mfc140ita.dll
h:\current\kmdfdriver\x64\release\mfc140jpn.dll
h:\current\kmdfdriver\x64\release\mfc140kor.dll
h:\current\kmdfdriver\x64\release\mfc140rus.dll
h:\current\kmdfdriver\x64\release\mfc140.dll
h:\current\kmdfdriver\x64\release\mfc140u.dll
h:\current\kmdfdriver\x64\release\mfcm140.dll
h:\current\kmdfdriver\x64\release\mfcm140u.dll
h:\current\kmdfdriver\x64\release\vcomp140.dll
h:\current\kmdfdriver\x64\release\kmdfdriver.sys
h:\current\kmdfdriver\x64\release\kmdfdriver.pdb
h:\current\kmdfdriver\x64\release\kmdfdriver.inf
h:\current\kmdfdriver\x64\release\kmdfdriver.tlog\cl.command.1.tlog
h:\current\kmdfdriver\x64\release\kmdfdriver.tlog\cl.items.tlog
h:\current\kmdfdriver\x64\release\kmdfdriver.tlog\cl.read.1.tlog
h:\current\kmdfdriver\x64\release\kmdfdriver.tlog\cl.write.1.tlog
h:\current\kmdfdriver\x64\release\kmdfdriver.tlog\copylocal.read.1u.tlog
h:\current\kmdfdriver\x64\release\kmdfdriver.tlog\copylocal.write.1u.tlog
h:\current\kmdfdriver\x64\release\kmdfdriver.tlog\link.command.1.tlog
h:\current\kmdfdriver\x64\release\kmdfdriver.tlog\link.read.1.tlog
h:\current\kmdfdriver\x64\release\kmdfdriver.tlog\link.write.1.tlog
h:\current\kmdfdriver\x64\release\kmdfdriver.tlog\stampinf.command.1.tlog
h:\current\kmdfdriver\x64\release\kmdfdriver.tlog\stampinf.read.1.tlog
h:\current\kmdfdriver\x64\release\kmdfdriver.tlog\stampinf.write.1.tlog
