h:\current\kpp\guardmon\guardmon\x64\release\vc143.pdb
h:\current\kpp\guardmon\guardmon\x64\release\guard_mon.obj
h:\current\kpp\guardmon\guardmon\x64\release\vmm.obj
h:\current\kpp\guardmon\guardmon\x64\release\vm.obj
h:\current\kpp\guardmon\guardmon\x64\release\util.obj
h:\current\kpp\guardmon\guardmon\x64\release\power_callback.obj
h:\current\kpp\guardmon\guardmon\x64\release\performance.obj
h:\current\kpp\guardmon\guardmon\x64\release\log.obj
h:\current\kpp\guardmon\guardmon\x64\release\kernel_stl.obj
h:\current\kpp\guardmon\guardmon\x64\release\hotplug_callback.obj
h:\current\kpp\guardmon\guardmon\x64\release\global_object.obj
h:\current\kpp\guardmon\guardmon\x64\release\ept.obj
h:\current\kpp\guardmon\guardmon\x64\release\driver.obj
h:\current\kpp\guardmon\x64\release\guardmon.sys
h:\current\kpp\guardmon\x64\release\guardmon.pdb
h:\current\kpp\guardmon\guardmon\x64\release\x64.obj
h:\current\kpp\guardmon\guardmon\x64\release\guardmon.tlog\cl.command.1.tlog
h:\current\kpp\guardmon\guardmon\x64\release\guardmon.tlog\cl.read.1.tlog
h:\current\kpp\guardmon\guardmon\x64\release\guardmon.tlog\cl.write.1.tlog
h:\current\kpp\guardmon\guardmon\x64\release\guardmon.tlog\link.command.1.tlog
h:\current\kpp\guardmon\guardmon\x64\release\guardmon.tlog\link.read.1.tlog
h:\current\kpp\guardmon\guardmon\x64\release\guardmon.tlog\link.write.1.tlog
h:\current\kpp\guardmon\guardmon\x64\release\guardmon.tlog\masm.read.1u.tlog
h:\current\kpp\guardmon\guardmon\x64\release\guardmon.tlog\masm.write.1u.tlog
h:\current\kpp\guardmon\guardmon\x64\release\guardmon.tlog\signtool.command.1.tlog
h:\current\kpp\guardmon\guardmon\x64\release\guardmon.tlog\signtool.timestamp.1.tlog
